{"contracts\\BasicNFT.sol":{"l":{"15":3,"19":25,"20":25,"21":25,"30":0,"31":0},"path":"C:\\Users\\aleks\\Documents\\Coding\\Blockchain\\nft-marketplace\\contracts\\BasicNFT.sol","s":{"1":3,"2":25,"3":25,"4":0,"5":0},"b":{"1":[0,0]},"f":{"1":3,"2":25,"3":0},"fnMap":{"1":{"name":"constructor","line":14,"loc":{"start":{"line":14,"column":4},"end":{"line":16,"column":4}}},"2":{"name":"mintNft","line":18,"loc":{"start":{"line":18,"column":4},"end":{"line":22,"column":4}}},"3":{"name":"tokenURI","line":24,"loc":{"start":{"line":24,"column":4},"end":{"line":32,"column":4}}}},"statementMap":{"1":{"start":{"line":15,"column":8},"end":{"line":15,"column":25}},"2":{"start":{"line":19,"column":8},"end":{"line":19,"column":44}},"3":{"start":{"line":20,"column":8},"end":{"line":20,"column":38}},"4":{"start":{"line":30,"column":8},"end":{"line":30,"column":60}},"5":{"start":{"line":31,"column":8},"end":{"line":31,"column":24}}},"branchMap":{"1":{"line":30,"type":"if","locations":[{"start":{"line":30,"column":8},"end":{"line":30,"column":8}},{"start":{"line":30,"column":8},"end":{"line":30,"column":8}}]}}},"contracts\\NFTMarketplace.sol":{"l":{"48":22,"49":22,"50":1,"52":21,"56":13,"57":13,"58":3,"60":10,"68":28,"69":3,"71":25,"90":20,"91":1,"93":19,"94":1,"96":18,"97":18,"105":5,"106":5,"107":1,"113":4,"114":4,"115":4,"120":4,"128":2,"129":2,"141":2,"142":2,"146":2,"147":2,"148":1,"150":1,"151":1,"152":1,"153":0,"164":4,"168":3},"path":"C:\\Users\\aleks\\Documents\\Coding\\Blockchain\\nft-marketplace\\contracts\\NFTMarketplace.sol","s":{"1":22,"2":22,"3":13,"4":13,"5":28,"6":20,"7":19,"8":18,"9":18,"10":5,"11":5,"12":4,"13":4,"14":4,"15":2,"16":2,"17":2,"18":2,"19":2,"20":1,"21":1,"22":1,"23":4,"24":3},"b":{"1":[1,21],"2":[3,10],"3":[3,25],"4":[1,19],"5":[1,18],"6":[1,4],"7":[1,1],"8":[0,1]},"f":{"1":22,"2":13,"3":28,"4":20,"5":5,"6":2,"7":2,"8":2,"9":4,"10":3},"fnMap":{"1":{"name":"notListed","line":47,"loc":{"start":{"line":47,"column":4},"end":{"line":53,"column":4}}},"2":{"name":"isListed","line":55,"loc":{"start":{"line":55,"column":4},"end":{"line":61,"column":4}}},"3":{"name":"isOwner","line":63,"loc":{"start":{"line":63,"column":4},"end":{"line":72,"column":4}}},"4":{"name":"listItem","line":88,"loc":{"start":{"line":81,"column":4},"end":{"line":98,"column":4}}},"5":{"name":"buyItem","line":103,"loc":{"start":{"line":100,"column":4},"end":{"line":121,"column":4}}},"6":{"name":"cancelListing","line":126,"loc":{"start":{"line":123,"column":4},"end":{"line":130,"column":4}}},"7":{"name":"updateListing","line":139,"loc":{"start":{"line":132,"column":4},"end":{"line":143,"column":4}}},"8":{"name":"withdrawProceeds","line":145,"loc":{"start":{"line":145,"column":4},"end":{"line":155,"column":4}}},"9":{"name":"getListing","line":159,"loc":{"start":{"line":159,"column":4},"end":{"line":165,"column":4}}},"10":{"name":"getProceeds","line":167,"loc":{"start":{"line":167,"column":4},"end":{"line":169,"column":4}}}},"statementMap":{"1":{"start":{"line":48,"column":8},"end":{"line":48,"column":60}},"2":{"start":{"line":49,"column":8},"end":{"line":49,"column":1420}},"3":{"start":{"line":56,"column":8},"end":{"line":56,"column":60}},"4":{"start":{"line":57,"column":8},"end":{"line":57,"column":1679}},"5":{"start":{"line":68,"column":8},"end":{"line":68,"column":1922}},"6":{"start":{"line":90,"column":8},"end":{"line":90,"column":2594}},"7":{"start":{"line":93,"column":8},"end":{"line":93,"column":2692}},"8":{"start":{"line":96,"column":8},"end":{"line":96,"column":67}},"9":{"start":{"line":97,"column":8},"end":{"line":97,"column":63}},"10":{"start":{"line":105,"column":8},"end":{"line":105,"column":66}},"11":{"start":{"line":106,"column":8},"end":{"line":106,"column":3197}},"12":{"start":{"line":113,"column":8},"end":{"line":113,"column":48}},"13":{"start":{"line":115,"column":8},"end":{"line":115,"column":3508}},"14":{"start":{"line":120,"column":8},"end":{"line":120,"column":73}},"15":{"start":{"line":129,"column":8},"end":{"line":129,"column":58}},"16":{"start":{"line":141,"column":8},"end":{"line":141,"column":55}},"17":{"start":{"line":142,"column":8},"end":{"line":142,"column":66}},"18":{"start":{"line":146,"column":8},"end":{"line":146,"column":49}},"19":{"start":{"line":147,"column":8},"end":{"line":147,"column":4493}},"20":{"start":{"line":150,"column":8},"end":{"line":150,"column":33}},"21":{"start":{"line":151,"column":8},"end":{"line":151,"column":72}},"22":{"start":{"line":152,"column":8},"end":{"line":152,"column":4696}},"23":{"start":{"line":164,"column":8},"end":{"line":164,"column":46}},"24":{"start":{"line":168,"column":8},"end":{"line":168,"column":33}}},"branchMap":{"1":{"line":49,"type":"if","locations":[{"start":{"line":49,"column":8},"end":{"line":49,"column":8}},{"start":{"line":49,"column":8},"end":{"line":49,"column":8}}]},"2":{"line":57,"type":"if","locations":[{"start":{"line":57,"column":8},"end":{"line":57,"column":8}},{"start":{"line":57,"column":8},"end":{"line":57,"column":8}}]},"3":{"line":68,"type":"if","locations":[{"start":{"line":68,"column":8},"end":{"line":68,"column":8}},{"start":{"line":68,"column":8},"end":{"line":68,"column":8}}]},"4":{"line":90,"type":"if","locations":[{"start":{"line":90,"column":8},"end":{"line":90,"column":8}},{"start":{"line":90,"column":8},"end":{"line":90,"column":8}}]},"5":{"line":93,"type":"if","locations":[{"start":{"line":93,"column":8},"end":{"line":93,"column":8}},{"start":{"line":93,"column":8},"end":{"line":93,"column":8}}]},"6":{"line":106,"type":"if","locations":[{"start":{"line":106,"column":8},"end":{"line":106,"column":8}},{"start":{"line":106,"column":8},"end":{"line":106,"column":8}}]},"7":{"line":147,"type":"if","locations":[{"start":{"line":147,"column":8},"end":{"line":147,"column":8}},{"start":{"line":147,"column":8},"end":{"line":147,"column":8}}]},"8":{"line":152,"type":"if","locations":[{"start":{"line":152,"column":8},"end":{"line":152,"column":8}},{"start":{"line":152,"column":8},"end":{"line":152,"column":8}}]}}}}