TN:
SF:C:\Users\aleks\Documents\Coding\Blockchain\nft-marketplace\contracts\BasicNFT.sol
FN:14,constructor
FN:18,mintNft
FN:24,tokenURI
FNF:3
FNH:2
FNDA:3,constructor
FNDA:25,mintNft
FNDA:0,tokenURI
DA:15,3
DA:19,25
DA:20,25
DA:21,25
DA:30,0
DA:31,0
LF:6
LH:4
BRDA:30,1,0,0
BRDA:30,1,1,0
BRF:2
BRH:0
end_of_record
TN:
SF:C:\Users\aleks\Documents\Coding\Blockchain\nft-marketplace\contracts\NFTMarketplace.sol
FN:47,notListed
FN:55,isListed
FN:63,isOwner
FN:88,listItem
FN:103,buyItem
FN:126,cancelListing
FN:139,updateListing
FN:145,withdrawProceeds
FN:159,getListing
FN:167,getProceeds
FNF:10
FNH:10
FNDA:22,notListed
FNDA:13,isListed
FNDA:28,isOwner
FNDA:20,listItem
FNDA:5,buyItem
FNDA:2,cancelListing
FNDA:2,updateListing
FNDA:2,withdrawProceeds
FNDA:4,getListing
FNDA:3,getProceeds
DA:48,22
DA:49,22
DA:50,1
DA:52,21
DA:56,13
DA:57,13
DA:58,3
DA:60,10
DA:68,28
DA:69,3
DA:71,25
DA:90,20
DA:91,1
DA:93,19
DA:94,1
DA:96,18
DA:97,18
DA:105,5
DA:106,5
DA:107,1
DA:113,4
DA:114,4
DA:115,4
DA:120,4
DA:128,2
DA:129,2
DA:141,2
DA:142,2
DA:146,2
DA:147,2
DA:148,1
DA:150,1
DA:151,1
DA:152,1
DA:153,0
DA:164,4
DA:168,3
LF:37
LH:36
BRDA:49,1,0,1
BRDA:49,1,1,21
BRDA:57,2,0,3
BRDA:57,2,1,10
BRDA:68,3,0,3
BRDA:68,3,1,25
BRDA:90,4,0,1
BRDA:90,4,1,19
BRDA:93,5,0,1
BRDA:93,5,1,18
BRDA:106,6,0,1
BRDA:106,6,1,4
BRDA:147,7,0,1
BRDA:147,7,1,1
BRDA:152,8,0,0
BRDA:152,8,1,1
BRF:16
BRH:15
end_of_record
